<?xml version="1.0" encoding="UTF-8"?>
<!-- Generated by org.testng.reporters.JUnitReportReporter -->
<testsuite skipped="0" hostname="Users-Device.home" name="Test4_PATCH" tests="1" failures="0" timestamp="2020-03-31T23:12:32 EDT" time="4.311" errors="0">
  <testcase name="validatePatchRequest" time="4.311" classname="Test4_PATCH"/>
  <system-out/>
</testsuite> <!-- Test4_PATCH -->
