<?xml version="1.0" encoding="UTF-8"?>
<!-- Generated by org.testng.reporters.JUnitReportReporter -->
<testsuite skipped="0" hostname="Users-Device.home" name="Test3_DELETE_204" tests="1" failures="0" timestamp="2020-03-31T23:04:02 EDT" time="3.138" errors="0">
  <testcase name="verifyDeleteResponse" time="3.138" classname="Test3_DELETE_204"/>
  <system-out/>
</testsuite> <!-- Test3_DELETE_204 -->
