<?xml version="1.0" encoding="UTF-8"?>
<!-- Generated by org.testng.reporters.JUnitReportReporter -->
<testsuite skipped="0" hostname="Users-Device.home" name="Test1_GET_SINGLE_USER" tests="1" failures="0" timestamp="2020-04-01T17:01:18 EDT" time="6.207" errors="0">
  <testcase name="getSingleUserDetails" time="6.207" classname="Test1_GET_SINGLE_USER"/>
  <system-out/>
</testsuite> <!-- Test1_GET_SINGLE_USER -->
