<?xml version="1.0" encoding="UTF-8"?>
<!-- Generated by org.testng.reporters.JUnitReportReporter -->
<testsuite skipped="0" hostname="Users-Device.home" name="Test2_POST_LOGIN" tests="1" failures="0" timestamp="2020-03-31T22:51:03 EDT" time="4.113" errors="0">
  <testcase name="verifyTokenValue" time="4.113" classname="Test2_POST_LOGIN"/>
  <system-out/>
</testsuite> <!-- Test2_POST_LOGIN -->
