<?xml version="1.0" encoding="UTF-8"?>
<!-- Generated by org.testng.reporters.JUnitReportReporter -->
<testsuite skipped="0" hostname="Users-Device.home" name="Test5_PUT" tests="1" failures="0" timestamp="2020-04-01T16:02:29 EDT" time="4.778" errors="0">
  <testcase name="verifyPutRequest" time="4.778" classname="Test5_PUT"/>
  <system-out/>
</testsuite> <!-- Test5_PUT -->
